Arguments: 
  D:\nodejs\node.exe D:\yarn\bin\yarn.js

PATH: 
  C:\Users\wlj_3\bin;D:\Git\mingw64\bin;D:\Git\usr\local\bin;D:\Git\usr\bin;D:\Git\usr\bin;D:\Git\mingw64\bin;D:\Git\usr\bin;C:\Users\wlj_3\bin;D:\Python27;D:\Python27\Scripts;C:\WINDOWS\system32;C:\WINDOWS;C:\WINDOWS\System32\Wbem;C:\WINDOWS\System32\WindowsPowerShell\v1.0;D:\nodejs;D:\nodejs\global;D:\Git\cmd;C:\Users\wlj_3\.dnx\bin;C:\Program Files\Microsoft DNX\Dnvm;D:\nginx;C:\Program Files (x86)\Windows Kits\10\Windows Performance Toolkit;C:\Program Files\Microsoft SQL Server\130\Tools\Binn;C:\Program Files\dotnet;D:\yarn\bin;C:\Users\wlj_3\AppData\Local\Microsoft\WindowsApps;D:\Microsoft VS Code\bin;C:\Users\wlj_3\AppData\Roaming\npm;C:\Users\wlj_3\AppData\Local\Yarn\bin;D:\Git\usr\bin\vendor_perl;D:\Git\usr\bin\core_perl

Yarn version: 
  0.24.5

Node version: 
  6.9.5

Platform: 
  win32 x64

npm manifest: 
  {
    "name": "mytools-electron",
    "productName": "Tools",
    "version": "0.9.5",
    "description": "Some Tools By Albert",
    "main": "main.js",
    "scripts": {
      "installar": "npm install --registry=https://registry.npm.taobao.org",
      "e-set": "npm config set ELECTRON_MIRROR=\"https://npm.taobao.org/mirrors/electron/\"",
      "ele-install": "node ./node_modules/electron/install",
      "devstart": "cross-env NODE_ENV=development electron dev/.",
      "devbuild": "webpack -d --config ./webpack.config.dev.js --watch",
      "build": "webpack --config ./webpack.config.build.js",
      "start": "cross-env NODE_ENV=development electron .",
      "pack-win": "electron-packager . coooooool --platform=win32 --arch=ia32 --overwrite --out=out --ignore=\"(/scripts)|(/dist)|(/dev)|(/src)|(/\\.vscode)(/|$)\" --icon=app-icon/win/app.ico --prune=true --version-string.CompanyName=Albert --version-string.ProductName=Tools --download.mirror=https://npm.taobao.org/mirrors/electron/",
      "pack-mac": "electron-packager . coooooool --platform=darwin --arch=x64 --overwrite --out=out --ignore=\"(/scripts)|(/dist)|(/dev)|(/src)|(/\\.vscode)(/|$)\" --icon=app-icon/mac/app.icns --prune=true --download.mirror=https://npm.taobao.org/mirrors/electron/",
      "pack-linux": "electron-packager . coooooool --platform=linux --arch=x64 --overwrite --out=out --ignore=\"(/scripts)|(/dist)|(/dev)|(/src)|(/\\.vscode)(/|$)\" --icon=app-icon/win/app.ico --prune=true --download.mirror=https://npm.taobao.org/mirrors/electron/",
      "package": "npm run pack-mac && npm run pack-win && npm run pack-linux",
      "win-install": "node ./scripts/wininstaller.js",
      "dmg-install": "node ./scripts/dmg.js"
    },
    "build": {
      "appId": "com.electron.albert.tools",
      "copyright": "albert",
      "productName": "Tools",
      "dmg": {
        "icon": "./app-icon/mac/app.icns",
        "window": {
          "x": 100,
          "y": 100,
          "width": 900,
          "height": 700
        }
      },
      "mac": {
        "category": "public.app-category.developer-tools",
        "icon": "./app-icon/mac/app.icns"
      },
      "squirrelWindows": {
        "iconUrl": "./app-icon/win/app.ico"
      },
      "win": {
        "target": "zip",
        "icon": "./app-icon/win/app.ico"
      },
      "nsis": {
        "oneClick": false,
        "allowToChangeInstallationDirectory": true,
        "language": 2052
      }
    },
    "author": "albert",
    "license": "ISC",
    "repository": {
      "type": "git",
      "url": "git+https://github.com/wxul/mytools-electron.git"
    },
    "devDependencies": {
      "babel-core": "^6.21.0",
      "babel-loader": "^6.2.10",
      "babel-plugin-transform-runtime": "^6.15.0",
      "babel-preset-es2015": "^6.18.0",
      "babel-preset-latest": "^6.16.0",
      "babel-preset-stage-2": "^6.18.0",
      "babel-runtime": "^6.20.0",
      "copy-webpack-plugin": "^4.0.1",
      "css-loader": "^0.26.1",
      "electron": "~1.4.13",
      "electron-builder": "~11.4.4",
      "electron-builder-squirrel-windows": "^11.4.0",
      "electron-installer-dmg": "^0.2.0",
      "electron-winstaller": "^2.5.1",
      "element-ui": "~1.1.3",
      "exports-loader": "^0.6.3",
      "file-loader": "^0.9.0",
      "less": "^2.7.2",
      "less-loader": "^2.2.3",
      "marked": "^0.3.6",
      "style-loader": "^0.13.1",
      "stylus": "^0.54.5",
      "stylus-loader": "^2.4.0",
      "url-loader": "^0.5.7",
      "vue": "^2.1.8",
      "vue-color": "~2.0.3",
      "vue-html-loader": "^1.2.3",
      "vue-loader": "^10.0.2",
      "vue-style-loader": "^1.0.0",
      "vue-template-compiler": "^2.1.8",
      "webpack": "^1.14.0",
      "webpack-dev-server": "^1.16.2"
    },
    "dependencies": {
      "cross-env": "^3.1.4",
      "glob": "^7.1.0",
      "imap": "^0.8.19",
      "request": "^2.79.0",
      "rimraf": "^2.5.4",
      "uglify-js": "^2.7.5"
    }
  }

yarn manifest: 
  No manifest

Lockfile: 
  No lockfile

Trace: 
  Error: connect ETIMEDOUT 104.16.59.173:443
      at Object.exports._errnoException (util.js:1022:11)
      at exports._exceptionWithHostPort (util.js:1045:20)
      at TCPConnectWrap.afterConnect [as oncomplete] (net.js:1087:14)
